<?xml version="1.0" encoding="UTF-8"?>
<testng-results skipped="0" failed="0" ignored="0" total="1" passed="1">
  <reporter-output>
  </reporter-output>
  <suite name="Suite1" duration-ms="365" started-at="2017-12-06T19:18:50Z" finished-at="2017-12-06T19:18:51Z">
    <groups>
      <group name="cucumber">
        <method signature="AbstractTestNGCucumberTests.feature(cucumber.api.testng.CucumberFeatureWrapper)[pri:0, instance:testrunner.TestNGTestrunner$TestRunner@91161c7]" name="feature" class="cucumber.api.testng.AbstractTestNGCucumberTests"/>
      </group> <!-- cucumber -->
    </groups>
    <test name="Nopackage" duration-ms="365" started-at="2017-12-06T19:18:50Z" finished-at="2017-12-06T19:18:51Z">
      <class name="testrunner.TestNGTestrunner$TestRunner">
        <test-method status="PASS" signature="setUpClass()[pri:0, instance:testrunner.TestNGTestrunner$TestRunner@91161c7]" name="setUpClass" is-config="true" duration-ms="240" started-at="2017-12-06T14:18:50Z" finished-at="2017-12-06T14:18:51Z">
          <reporter-output>
          </reporter-output>
        </test-method> <!-- setUpClass -->
        <test-method status="PASS" signature="feature(cucumber.api.testng.CucumberFeatureWrapper)[pri:0, instance:testrunner.TestNGTestrunner$TestRunner@91161c7]" name="feature" duration-ms="12" started-at="2017-12-06T14:18:51Z" description="Runs Cucumber Feature" data-provider="features" finished-at="2017-12-06T14:18:51Z">
          <params>
            <param index="0">
              <value>
                <![CDATA[Facebook login page]]>
              </value>
            </param>
          </params>
          <reporter-output>
          </reporter-output>
        </test-method> <!-- feature -->
        <test-method status="PASS" signature="tearDownClass()[pri:0, instance:testrunner.TestNGTestrunner$TestRunner@91161c7]" name="tearDownClass" is-config="true" duration-ms="18" started-at="2017-12-06T14:18:51Z" finished-at="2017-12-06T14:18:51Z">
          <reporter-output>
          </reporter-output>
        </test-method> <!-- tearDownClass -->
      </class> <!-- testrunner.TestNGTestrunner$TestRunner -->
    </test> <!-- Nopackage -->
  </suite> <!-- Suite1 -->
</testng-results>
